<?xml version="1.0" encoding="UTF-8"?>
<!-- Generated by org.testng.reporters.JUnitXMLReporter -->
<testsuite ignored="0" hostname="SeenaReddy" failures="0" tests="15" name="MyTestResults_Build_1.2.55" time="89.828" errors="0" timestamp="2024-09-04T05:38:46 MDT">
  <testcase classname="testNG.FB" name="@BeforeClass beforeClass" time="0.772">
    <failure type="org.openqa.selenium.SessionNotCreatedException" message="Could not start a new session. Response code 500. Message: Process unexpectedly closed with status 0 
Host info: host: &amp;apos;SEENAREDDY&amp;apos;, ip: &amp;apos;10.0.0.232&amp;apos;
Build info: version: &amp;apos;4.23.1&amp;apos;, revision: &amp;apos;656257d8e9&amp;apos;
System info: os.name: &amp;apos;Windows 11&amp;apos;, os.arch: &amp;apos;amd64&amp;apos;, os.version: &amp;apos;10.0&amp;apos;, java.version: &amp;apos;21.0.2&amp;apos;
Driver info: org.openqa.selenium.firefox.FirefoxDriver
Command: [null, newSession {capabilities=[Capabilities {acceptInsecureCerts: true, browserName: firefox, moz:debuggerAddress: true, moz:firefoxOptions: {binary: C:\Program Files\Mozilla Fi..., prefs: {remote.active-protocols: 3}}}]}]">
      <![CDATA[org.openqa.selenium.SessionNotCreatedException: Could not start a new session. Response code 500. Message: Process unexpectedly closed with status 0 
Host info: host: 'SEENAREDDY', ip: '10.0.0.232'
Build info: version: '4.23.1', revision: '656257d8e9'
System info: os.name: 'Windows 11', os.arch: 'amd64', os.version: '10.0', java.version: '21.0.2'
Driver info: org.openqa.selenium.firefox.FirefoxDriver
Command: [null, newSession {capabilities=[Capabilities {acceptInsecureCerts: true, browserName: firefox, moz:debuggerAddress: true, moz:firefoxOptions: {binary: C:\Program Files\Mozilla Fi..., prefs: {remote.active-protocols: 3}}}]}]
at org.openqa.selenium.remote.ProtocolHandshake.createSession(ProtocolHandshake.java:114)
at org.openqa.selenium.remote.ProtocolHandshake.createSession(ProtocolHandshake.java:75)
at org.openqa.selenium.remote.ProtocolHandshake.createSession(ProtocolHandshake.java:61)
at org.openqa.selenium.remote.HttpCommandExecutor.execute(HttpCommandExecutor.java:162)
at org.openqa.selenium.remote.service.DriverCommandExecutor.invokeExecute(DriverCommandExecutor.java:216)
at org.openqa.selenium.remote.service.DriverCommandExecutor.execute(DriverCommandExecutor.java:174)
at org.openqa.selenium.remote.RemoteWebDriver.execute(RemoteWebDriver.java:545)
at org.openqa.selenium.remote.RemoteWebDriver.startSession(RemoteWebDriver.java:245)
at org.openqa.selenium.remote.RemoteWebDriver.<init>(RemoteWebDriver.java:174)
at org.openqa.selenium.firefox.FirefoxDriver.<init>(FirefoxDriver.java:155)
at org.openqa.selenium.firefox.FirefoxDriver.<init>(FirefoxDriver.java:150)
at org.openqa.selenium.firefox.FirefoxDriver.<init>(FirefoxDriver.java:132)
at org.openqa.selenium.firefox.FirefoxDriver.<init>(FirefoxDriver.java:127)
at org.openqa.selenium.firefox.FirefoxDriver.<init>(FirefoxDriver.java:112)
at org.openqa.selenium.firefox.FirefoxDriver.<init>(FirefoxDriver.java:102)
at testNG.FB.beforeClass(FB.java:28)
at java.base/java.util.ArrayList.forEach(ArrayList.java:1596)
... Removed 23 stack frames]]>
    </failure>
  </testcase> <!-- @BeforeClass beforeClass -->
  <testcase classname="testNG.FB" name="@AfterMethod afterMethod" time="0.0">
    <skipped/>
  </testcase> <!-- @AfterMethod afterMethod -->
  <testcase classname="testNG.FB" name="@AfterClass afterClass" time="0.0">
    <skipped/>
  </testcase> <!-- @AfterClass afterClass -->
  <testcase classname="testNG.FirstTestNG_Assignment" name="f" time="45.249"/>
  <testcase classname="testNG.BlazeDemo" name="f" time="10.104"/>
  <testcase classname="testNG.FB" name="f" time="0.001">
    <skipped/>
  </testcase> <!-- f -->
  <testcase classname="testNG.DataProviderDemo" name="d" time="0.003"/>
  <testcase classname="testNG.DataProviderDemo" name="d" time="0.002"/>
  <testcase classname="testNG.DataProviderDemo" name="d" time="0.001"/>
  <testcase classname="testNG.DataProviderDemo" name="f" time="0.007"/>
  <testcase classname="testNG.DataProviderDemo" name="f" time="0.001"/>
  <testcase classname="testNG.DataProviderDemo" name="f" time="0.003"/>
  <testcase classname="testNG.ScreenshotDemo" name="f" time="7.724"/>
  <testcase classname="testNG.TestCaseExecution_Assignment11" name="tc_01" time="0.571"/>
  <testcase classname="testNG.TestCaseExecution_Assignment11" name="tc_02" time="1.206"/>
  <testcase classname="testNG.TestCaseExecution_Assignment11" name="tc_03" time="6.466"/>
  <testcase classname="testNG.TestCaseExecution_Assignment11" name="tc_04" time="5.823"/>
  <testcase classname="testNG.FirstProgram" name="f" time="0.002"/>
</testsuite> <!-- MyTestResults_Build_1.2.55 -->
